This file contains any messages produced by compilers while
running configure, to aid debugging if configure makes a mistake.

It was created by openbt configure current-78-gdae3f6d, which was
generated by GNU Autoconf 2.69.  Invocation command line was

  $ ./configure --with-mpi --with-silent

## --------- ##
## Platform. ##
## --------- ##

hostname = MTH-NC247239
uname -m = x86_64
uname -r = 5.14.0-1059-oem
uname -s = Linux
uname -v = #67-Ubuntu SMP Mon Mar 13 14:22:10 UTC 2023

/usr/bin/uname -p = x86_64
/bin/uname -X     = unknown

/bin/arch              = x86_64
/usr/bin/arch -k       = unknown
/usr/convex/getsysinfo = unknown
/usr/bin/hostinfo      = unknown
/bin/machine           = unknown
/usr/bin/oslevel       = unknown
/bin/universe          = unknown

PATH: /home/johnyannotty/.local/bin
PATH: /home/johnyannotty/.local/bin
PATH: /usr/local/sbin
PATH: /usr/local/bin
PATH: /usr/sbin
PATH: /usr/bin
PATH: /sbin
PATH: /bin
PATH: /usr/games
PATH: /usr/local/games
PATH: /snap/bin


## ----------- ##
## Core tests. ##
## ----------- ##

configure:2446: checking for a BSD-compatible install
configure:2514: result: /usr/bin/install -c
configure:2525: checking whether build environment is sane
configure:2580: result: yes
configure:2729: checking for a thread-safe mkdir -p
configure:2768: result: /usr/bin/mkdir -p
configure:2775: checking for gawk
configure:2805: result: no
configure:2775: checking for mawk
configure:2791: found /usr/bin/mawk
configure:2802: result: mawk
configure:2813: checking whether make sets $(MAKE)
configure:2835: result: yes
configure:2864: checking whether make supports nested variables
configure:2881: result: yes
configure:3008: Open Bayesian Trees Project
configure:3032: checking whether make supports the include directive
configure:3047: make -f confmf.GNU && cat confinc.out
this is the am__doit target
configure:3050: $? = 0
configure:3069: result: yes (GNU style)
configure:3147: checking for mpic++
configure:3163: found /usr/bin/mpic++
configure:3174: result: mpic++
configure:3312: checking for C++ compiler version
configure:3321: mpic++ --version >&5
g++ (Ubuntu 9.4.0-1ubuntu1~20.04.1) 9.4.0
Copyright (C) 2019 Free Software Foundation, Inc.
This is free software; see the source for copying conditions.  There is NO
warranty; not even for MERCHANTABILITY or FITNESS FOR A PARTICULAR PURPOSE.

configure:3332: $? = 0
configure:3321: mpic++ -v >&5
Using built-in specs.
COLLECT_GCC=/usr/bin/g++
COLLECT_LTO_WRAPPER=/usr/lib/gcc/x86_64-linux-gnu/9/lto-wrapper
OFFLOAD_TARGET_NAMES=nvptx-none:hsa
OFFLOAD_TARGET_DEFAULT=1
Target: x86_64-linux-gnu
Configured with: ../src/configure -v --with-pkgversion='Ubuntu 9.4.0-1ubuntu1~20.04.1' --with-bugurl=file:///usr/share/doc/gcc-9/README.Bugs --enable-languages=c,ada,c++,go,brig,d,fortran,objc,obj-c++,gm2 --prefix=/usr --with-gcc-major-version-only --program-suffix=-9 --program-prefix=x86_64-linux-gnu- --enable-shared --enable-linker-build-id --libexecdir=/usr/lib --without-included-gettext --enable-threads=posix --libdir=/usr/lib --enable-nls --enable-clocale=gnu --enable-libstdcxx-debug --enable-libstdcxx-time=yes --with-default-libstdcxx-abi=new --enable-gnu-unique-object --disable-vtable-verify --enable-plugin --enable-default-pie --with-system-zlib --with-target-system-zlib=auto --enable-objc-gc=auto --enable-multiarch --disable-werror --with-arch-32=i686 --with-abi=m64 --with-multilib-list=m32,m64,mx32 --enable-multilib --with-tune=generic --enable-offload-targets=nvptx-none=/build/gcc-9-Av3uEd/gcc-9-9.4.0/debian/tmp-nvptx/usr,hsa --without-cuda-driver --enable-checking=release --build=x86_64-linux-gnu --host=x86_64-linux-gnu --target=x86_64-linux-gnu
Thread model: posix
gcc version 9.4.0 (Ubuntu 9.4.0-1ubuntu1~20.04.1) 
configure:3332: $? = 0
configure:3321: mpic++ -V >&5
g++: error: unrecognized command line option '-V'
g++: fatal error: no input files
compilation terminated.
configure:3332: $? = 1
configure:3321: mpic++ -qversion >&5
g++: error: unrecognized command line option '-qversion'; did you mean '--version'?
g++: fatal error: no input files
compilation terminated.
configure:3332: $? = 1
configure:3352: checking whether the C++ compiler works
configure:3374: mpic++    conftest.cpp  >&5
configure:3378: $? = 0
configure:3426: result: yes
configure:3429: checking for C++ compiler default output file name
configure:3431: result: a.out
configure:3437: checking for suffix of executables
configure:3444: mpic++ -o conftest    conftest.cpp  >&5
configure:3448: $? = 0
configure:3470: result: 
configure:3492: checking whether we are cross compiling
configure:3500: mpic++ -o conftest    conftest.cpp  >&5
configure:3504: $? = 0
configure:3511: ./conftest
configure:3515: $? = 0
configure:3503: result: no
configure:3508: checking for suffix of object files
configure:3530: mpic++ -c   conftest.cpp >&5
configure:3534: $? = 0
configure:3555: result: o
configure:3559: checking whether we are using the GNU C++ compiler
configure:3578: mpic++ -c   conftest.cpp >&5
configure:3578: $? = 0
configure:3587: result: yes
configure:3596: checking whether mpic++ accepts -g
configure:3616: mpic++ -c -g  conftest.cpp >&5
configure:3616: $? = 0
configure:3657: result: yes
configure:3682: checking dependency style of mpic++
configure:3793: result: gcc3
configure:3866: checking for mpicc
configure:3882: found /usr/bin/mpicc
configure:3893: result: mpicc
configure:3967: checking for gcc
configure:3994: result: mpicc
configure:4223: checking for C compiler version
configure:4232: mpicc --version >&5
gcc (Ubuntu 9.4.0-1ubuntu1~20.04.1) 9.4.0
Copyright (C) 2019 Free Software Foundation, Inc.
This is free software; see the source for copying conditions.  There is NO
warranty; not even for MERCHANTABILITY or FITNESS FOR A PARTICULAR PURPOSE.

configure:4243: $? = 0
configure:4232: mpicc -v >&5
Using built-in specs.
COLLECT_GCC=/usr/bin/gcc
COLLECT_LTO_WRAPPER=/usr/lib/gcc/x86_64-linux-gnu/9/lto-wrapper
OFFLOAD_TARGET_NAMES=nvptx-none:hsa
OFFLOAD_TARGET_DEFAULT=1
Target: x86_64-linux-gnu
Configured with: ../src/configure -v --with-pkgversion='Ubuntu 9.4.0-1ubuntu1~20.04.1' --with-bugurl=file:///usr/share/doc/gcc-9/README.Bugs --enable-languages=c,ada,c++,go,brig,d,fortran,objc,obj-c++,gm2 --prefix=/usr --with-gcc-major-version-only --program-suffix=-9 --program-prefix=x86_64-linux-gnu- --enable-shared --enable-linker-build-id --libexecdir=/usr/lib --without-included-gettext --enable-threads=posix --libdir=/usr/lib --enable-nls --enable-clocale=gnu --enable-libstdcxx-debug --enable-libstdcxx-time=yes --with-default-libstdcxx-abi=new --enable-gnu-unique-object --disable-vtable-verify --enable-plugin --enable-default-pie --with-system-zlib --with-target-system-zlib=auto --enable-objc-gc=auto --enable-multiarch --disable-werror --with-arch-32=i686 --with-abi=m64 --with-multilib-list=m32,m64,mx32 --enable-multilib --with-tune=generic --enable-offload-targets=nvptx-none=/build/gcc-9-Av3uEd/gcc-9-9.4.0/debian/tmp-nvptx/usr,hsa --without-cuda-driver --enable-checking=release --build=x86_64-linux-gnu --host=x86_64-linux-gnu --target=x86_64-linux-gnu
Thread model: posix
gcc version 9.4.0 (Ubuntu 9.4.0-1ubuntu1~20.04.1) 
configure:4243: $? = 0
configure:4232: mpicc -V >&5
gcc: error: unrecognized command line option '-V'
gcc: fatal error: no input files
compilation terminated.
configure:4243: $? = 1
configure:4232: mpicc -qversion >&5
gcc: error: unrecognized command line option '-qversion'; did you mean '--version'?
gcc: fatal error: no input files
compilation terminated.
configure:4243: $? = 1
configure:4247: checking whether we are using the GNU C compiler
configure:4266: mpicc -c   conftest.c >&5
configure:4266: $? = 0
configure:4275: result: yes
configure:4284: checking whether mpicc accepts -g
configure:4304: mpicc -c -g  conftest.c >&5
configure:4304: $? = 0
configure:4345: result: yes
configure:4362: checking for mpicc option to accept ISO C89
configure:4425: mpicc  -c -g -O2  conftest.c >&5
configure:4425: $? = 0
configure:4438: result: none needed
configure:4463: checking whether mpicc understands -c and -o together
configure:4485: mpicc -c conftest.c -o conftest2.o
configure:4488: $? = 0
configure:4485: mpicc -c conftest.c -o conftest2.o
configure:4488: $? = 0
configure:4500: result: yes
configure:4519: checking dependency style of mpicc
configure:4630: result: gcc3
configure:4675: checking for function MPI_Init
configure:4696: mpic++ -o conftest -g -O2   conftest.cpp  >&5
configure:4696: $? = 0
configure:4703: result: yes
configure:4714: checking for mpi.h
configure:4727: mpic++ -c -g -O2  conftest.cpp >&5
configure:4727: $? = 0
configure:4728: result: yes
configure:4789: checking for function MPI_Init
configure:4814: mpicc -o conftest -g -O2   conftest.c  >&5
configure:4814: $? = 0
configure:4821: result: yes
configure:4832: checking for mpi.h
configure:4845: mpicc -c -g -O2  conftest.c >&5
configure:4845: $? = 0
configure:4846: result: yes
configure:6019: checking for gawk
configure:6046: result: mawk
configure:6062: checking how to run the C preprocessor
configure:6093: mpicc -E  conftest.c
configure:6093: $? = 0
configure:6107: mpicc -E  conftest.c
conftest.c:13:10: fatal error: ac_nonexistent.h: No such file or directory
   13 | #include <ac_nonexistent.h>
      |          ^~~~~~~~~~~~~~~~~~
compilation terminated.
configure:6107: $? = 1
configure: failed program was:
| /* confdefs.h */
| #define PACKAGE_NAME "openbt"
| #define PACKAGE_TARNAME "openbt"
| #define PACKAGE_VERSION "current-78-gdae3f6d"
| #define PACKAGE_STRING "openbt current-78-gdae3f6d"
| #define PACKAGE_BUGREPORT "mpratola@gmail.com"
| #define PACKAGE_URL ""
| #define PACKAGE "openbt"
| #define VERSION "current-78-gdae3f6d"
| #define HAVE_MPI 1
| #define HAVE_MPI 1
| /* end confdefs.h.  */
| #include <ac_nonexistent.h>
configure:6132: result: mpicc -E
configure:6152: mpicc -E  conftest.c
configure:6152: $? = 0
configure:6166: mpicc -E  conftest.c
conftest.c:13:10: fatal error: ac_nonexistent.h: No such file or directory
   13 | #include <ac_nonexistent.h>
      |          ^~~~~~~~~~~~~~~~~~
compilation terminated.
configure:6166: $? = 1
configure: failed program was:
| /* confdefs.h */
| #define PACKAGE_NAME "openbt"
| #define PACKAGE_TARNAME "openbt"
| #define PACKAGE_VERSION "current-78-gdae3f6d"
| #define PACKAGE_STRING "openbt current-78-gdae3f6d"
| #define PACKAGE_BUGREPORT "mpratola@gmail.com"
| #define PACKAGE_URL ""
| #define PACKAGE "openbt"
| #define VERSION "current-78-gdae3f6d"
| #define HAVE_MPI 1
| #define HAVE_MPI 1
| /* end confdefs.h.  */
| #include <ac_nonexistent.h>
configure:6195: checking whether ln -s works
configure:6199: result: yes
configure:6206: checking whether make sets $(MAKE)
configure:6228: result: yes
configure:6276: checking build system type
configure:6290: result: x86_64-pc-linux-gnu
configure:6310: checking host system type
configure:6323: result: x86_64-pc-linux-gnu
configure:6364: checking how to print strings
configure:6391: result: printf
configure:6412: checking for a sed that does not truncate output
configure:6476: result: /usr/bin/sed
configure:6494: checking for grep that handles long lines and -e
configure:6552: result: /usr/bin/grep
configure:6557: checking for egrep
configure:6619: result: /usr/bin/grep -E
configure:6624: checking for fgrep
configure:6686: result: /usr/bin/grep -F
configure:6721: checking for ld used by mpicc
configure:6788: result: /usr/bin/ld
configure:6795: checking if the linker (/usr/bin/ld) is GNU ld
configure:6810: result: yes
configure:6822: checking for BSD- or MS-compatible name lister (nm)
configure:6876: result: /usr/bin/nm -B
configure:7006: checking the name lister (/usr/bin/nm -B) interface
configure:7013: mpic++ -c -g -O2  conftest.cpp >&5
configure:7016: /usr/bin/nm -B "conftest.o"
configure:7019: output
0000000000000000 B some_variable
configure:7020: result: BSD nm
configure:7024: checking the maximum length of command line arguments
configure:7155: result: 1572864
configure:7203: checking how to convert x86_64-pc-linux-gnu file names to x86_64-pc-linux-gnu format
configure:7243: result: func_convert_file_noop
configure:7250: checking how to convert x86_64-pc-linux-gnu file names to toolchain format
configure:7270: result: func_convert_file_noop
configure:7277: checking for /usr/bin/ld option to reload object files
configure:7284: result: -r
configure:7358: checking for objdump
configure:7374: found /usr/bin/objdump
configure:7385: result: objdump
configure:7417: checking how to recognize dependent libraries
configure:7617: result: pass_all
configure:7702: checking for dlltool
configure:7732: result: no
configure:7762: checking how to associate runtime and link libraries
configure:7789: result: printf %s\n
configure:7849: checking for ar
configure:7865: found /usr/bin/ar
configure:7876: result: ar
configure:7913: checking for archiver @FILE support
configure:7930: mpic++ -c -g -O2  conftest.cpp >&5
configure:7930: $? = 0
configure:7933: ar cr libconftest.a @conftest.lst >&5
configure:7936: $? = 0
configure:7941: ar cr libconftest.a @conftest.lst >&5
ar: conftest.o: No such file or directory
configure:7944: $? = 1
configure:7943: result: @
configure:8001: checking for strip
configure:8017: found /usr/bin/strip
configure:8028: result: strip
configure:8100: checking for ranlib
configure:8116: found /usr/bin/ranlib
configure:8127: result: ranlib
configure:8229: checking command to parse /usr/bin/nm -B output from mpicc object
configure:8382: mpic++ -c -g -O2  conftest.cpp >&5
configure:8385: $? = 0
configure:8389: /usr/bin/nm -B conftest.o | sed -n -e 's/^.*[	 ]\([ABCDGIRSTW][ABCDGIRSTW]*\)[	 ][	 ]*\([_A-Za-z][_A-Za-z0-9]*\)$/\1 \2 \2/p' | sed '/ __gnu_lto/d' > conftest.nm
configure:8455: mpic++ -o conftest -g -O2   conftest.cpp conftstm.o >&5
configure:8458: $? = 0
configure:8496: result: ok
configure:8543: checking for sysroot
configure:8573: result: no
configure:8580: checking for a working dd
configure:8618: result: /usr/bin/dd
configure:8622: checking how to truncate binary pipes
configure:8637: result: /usr/bin/dd bs=4096 count=1
configure:8773: mpic++ -c -g -O2  conftest.cpp >&5
configure:8776: $? = 0
configure:8966: checking for mt
configure:8982: found /usr/bin/mt
configure:8993: result: mt
configure:9016: checking if mt is a manifest tool
configure:9022: mt '-?'
configure:9030: result: no
configure:9703: checking for ANSI C header files
configure:9723: mpic++ -c -g -O2  conftest.cpp >&5
configure:9723: $? = 0
./configure: line 9737: conftest.cpp: command not found
configure:9807: result: no
configure:9820: checking for sys/types.h
configure:9820: mpic++ -c -g -O2  conftest.cpp >&5
configure:9820: $? = 0
configure:9820: result: yes
configure:9820: checking for sys/stat.h
configure:9820: mpic++ -c -g -O2  conftest.cpp >&5
configure:9820: $? = 0
configure:9820: result: yes
configure:9820: checking for stdlib.h
configure:9820: mpic++ -c -g -O2  conftest.cpp >&5
configure:9820: $? = 0
configure:9820: result: yes
configure:9820: checking for string.h
configure:9820: mpic++ -c -g -O2  conftest.cpp >&5
configure:9820: $? = 0
configure:9820: result: yes
configure:9820: checking for memory.h
configure:9820: mpic++ -c -g -O2  conftest.cpp >&5
configure:9820: $? = 0
configure:9820: result: yes
configure:9820: checking for strings.h
configure:9820: mpic++ -c -g -O2  conftest.cpp >&5
configure:9820: $? = 0
configure:9820: result: yes
configure:9820: checking for inttypes.h
configure:9820: mpic++ -c -g -O2  conftest.cpp >&5
configure:9820: $? = 0
configure:9820: result: yes
configure:9820: checking for stdint.h
configure:9820: mpic++ -c -g -O2  conftest.cpp >&5
configure:9820: $? = 0
configure:9820: result: yes
configure:9820: checking for unistd.h
configure:9820: mpic++ -c -g -O2  conftest.cpp >&5
configure:9820: $? = 0
configure:9820: result: yes
configure:9834: checking for dlfcn.h
configure:9834: mpic++ -c -g -O2  conftest.cpp >&5
configure:9834: $? = 0
configure:9834: result: yes
configure:10100: checking for objdir
configure:10115: result: .libs
configure:10379: checking if mpicc supports -fno-rtti -fno-exceptions
configure:10397: mpicc -c -g -O2  -fno-rtti -fno-exceptions conftest.c >&5
cc1: warning: command line option '-fno-rtti' is valid for C++/D/ObjC++ but not for C
configure:10401: $? = 0
configure:10414: result: no
configure:10778: checking for mpicc option to produce PIC
configure:10785: result: -fPIC -DPIC
configure:10793: checking if mpicc PIC flag -fPIC -DPIC works
configure:10811: mpicc -c -g -O2  -fPIC -DPIC -DPIC conftest.c >&5
configure:10815: $? = 0
configure:10828: result: yes
configure:10857: checking if mpicc static flag -static works
configure:10885: result: no
configure:10900: checking if mpicc supports -c -o file.o
configure:10921: mpicc -c -g -O2  -o out/conftest2.o conftest.c >&5
configure:10925: $? = 0
configure:10947: result: yes
configure:10955: checking if mpicc supports -c -o file.o
configure:11002: result: yes
configure:11035: checking whether the mpicc linker (/usr/bin/ld -m elf_x86_64) supports shared libraries
configure:12298: result: yes
configure:12335: checking whether -lc should be explicitly linked in
configure:12343: mpicc -c -g -O2  conftest.c >&5
configure:12346: $? = 0
configure:12361: mpicc -shared  -fPIC -DPIC conftest.o  -v -Wl,-soname -Wl,conftest -o conftest 2\>\&1 \| /usr/bin/grep  -lc  \>/dev/null 2\>\&1
configure:12364: $? = 0
configure:12378: result: no
configure:12538: checking dynamic linker characteristics
configure:13119: mpicc -o conftest -g -O2   -Wl,-rpath -Wl,/foo conftest.c  >&5
configure:13119: $? = 0
configure:13368: result: GNU/Linux ld.so
configure:13490: checking how to hardcode library paths into programs
configure:13515: result: immediate
configure:14063: checking whether stripping libraries is possible
configure:14068: result: yes
configure:14103: checking if libtool supports shared libraries
configure:14105: result: yes
configure:14108: checking whether to build shared libraries
configure:14133: result: yes
configure:14136: checking whether to build static libraries
configure:14140: result: yes
configure:10939: checking how to run the C++ preprocessor
configure:10966: mpic++ -E  conftest.cpp
configure:10966: $? = 0
configure:10980: mpic++ -E  conftest.cpp
conftest.cpp:24:10: fatal error: ac_nonexistent.h: No such file or directory
   24 | #include <ac_nonexistent.h>
      |          ^~~~~~~~~~~~~~~~~~
compilation terminated.
configure:10980: $? = 1
configure: failed program was:
| /* confdefs.h */
| #define PACKAGE_NAME "openbt"
| #define PACKAGE_TARNAME "openbt"
| #define PACKAGE_VERSION "current-78-gdae3f6d"
| #define PACKAGE_STRING "openbt current-78-gdae3f6d"
| #define PACKAGE_BUGREPORT "mpratola@gmail.com"
| #define PACKAGE_URL ""
| #define PACKAGE "openbt"
| #define VERSION "current-78-gdae3f6d"
| #define HAVE_MPI 1
| #define HAVE_MPI 1
| #define HAVE_SYS_TYPES_H 1
| #define HAVE_SYS_STAT_H 1
| #define HAVE_STDLIB_H 1
| #define HAVE_STRING_H 1
| #define HAVE_MEMORY_H 1
| #define HAVE_STRINGS_H 1
| #define HAVE_INTTYPES_H 1
| #define HAVE_STDINT_H 1
| #define HAVE_UNISTD_H 1
| #define HAVE_DLFCN_H 1
| #define LT_OBJDIR ".libs/"
| /* end confdefs.h.  */
| #include <ac_nonexistent.h>
configure:11005: result: mpic++ -E
configure:11025: mpic++ -E  conftest.cpp
configure:11025: $? = 0
configure:11039: mpic++ -E  conftest.cpp
conftest.cpp:24:10: fatal error: ac_nonexistent.h: No such file or directory
   24 | #include <ac_nonexistent.h>
      |          ^~~~~~~~~~~~~~~~~~
compilation terminated.
configure:11039: $? = 1
configure: failed program was:
| /* confdefs.h */
| #define PACKAGE_NAME "openbt"
| #define PACKAGE_TARNAME "openbt"
| #define PACKAGE_VERSION "current-78-gdae3f6d"
| #define PACKAGE_STRING "openbt current-78-gdae3f6d"
| #define PACKAGE_BUGREPORT "mpratola@gmail.com"
| #define PACKAGE_URL ""
| #define PACKAGE "openbt"
| #define VERSION "current-78-gdae3f6d"
| #define HAVE_MPI 1
| #define HAVE_MPI 1
| #define HAVE_SYS_TYPES_H 1
| #define HAVE_SYS_STAT_H 1
| #define HAVE_STDLIB_H 1
| #define HAVE_STRING_H 1
| #define HAVE_MEMORY_H 1
| #define HAVE_STRINGS_H 1
| #define HAVE_INTTYPES_H 1
| #define HAVE_STDINT_H 1
| #define HAVE_UNISTD_H 1
| #define HAVE_DLFCN_H 1
| #define LT_OBJDIR ".libs/"
| /* end confdefs.h.  */
| #include <ac_nonexistent.h>
configure:11201: checking for ld used by mpic++
configure:11268: result: /usr/bin/ld -m elf_x86_64
configure:11275: checking if the linker (/usr/bin/ld -m elf_x86_64) is GNU ld
configure:11290: result: yes
configure:11345: checking whether the mpic++ linker (/usr/bin/ld -m elf_x86_64) supports shared libraries
configure:12418: result: yes
configure:12454: mpic++ -c -g -O2  conftest.cpp >&5
configure:12457: $? = 0
configure:12938: checking for mpic++ option to produce PIC
configure:12945: result: -fPIC -DPIC
configure:12953: checking if mpic++ PIC flag -fPIC -DPIC works
configure:12971: mpic++ -c -g -O2  -fPIC -DPIC -DPIC conftest.cpp >&5
configure:12975: $? = 0
configure:12988: result: yes
configure:13011: checking if mpic++ static flag -static works
configure:13039: result: no
configure:13051: checking if mpic++ supports -c -o file.o
configure:13072: mpic++ -c -g -O2  -o out/conftest2.o conftest.cpp >&5
configure:13076: $? = 0
configure:13098: result: yes
configure:13103: checking if mpic++ supports -c -o file.o
configure:13150: result: yes
configure:13180: checking whether the mpic++ linker (/usr/bin/ld -m elf_x86_64) supports shared libraries
configure:13223: result: yes
configure:13364: checking dynamic linker characteristics
configure:14121: result: GNU/Linux ld.so
configure:14186: checking how to hardcode library paths into programs
configure:14211: result: immediate
configure:13253: checking whether mpic++ supports C++11 features with -std=c++11
configure:13551: mpic++ -std=c++11 -c  -D_OPENMPI -DSILENT -Wall -pipe -g -O3 -std=c++0x -DNOR  conftest.cpp >&5
configure:13551: $? = 0
configure:13560: result: yes
configure:13600: checking for stdbool.h that conforms to C99
configure:13667: mpic++ -std=c++11 -c  -D_OPENMPI -DSILENT -Wall -pipe -g -O3 -std=c++0x -DNOR  conftest.cpp >&5
conftest.cpp:28:15: error: expected unqualified-id before string constant
   28 |               "error: bool is not defined"
      |               ^~~~~~~~~~~~~~~~~~~~~~~~~~~~
conftest.cpp:46:48: error: 's' does not name a type
   46 |              struct s { _Bool s: 1; _Bool t; } s;
      |                                                ^
conftest.cpp:56:28: error: 's' was not declared in this scope
   56 |              char i[sizeof s.t];
      |                            ^
conftest.cpp: In function 'int main()':
conftest.cpp:74:24: error: 's' was not declared in this scope
   74 |              bool e = &s;
      |                        ^
conftest.cpp:78:63: error: 'i' was not declared in this scope
   78 |              return (!a + !b + !c + !d + !e + !f + !g + !h + !i + !!j + !k + !!l
      |                                                               ^
conftest.cpp:79:25: warning: enum constant in boolean context [-Wint-in-bool-context]
   79 |                      + !m + !n + !o + !p + !q + !pq);
      |                         ^
configure:13667: $? = 1
configure: failed program was:
| /* confdefs.h */
| #define PACKAGE_NAME "openbt"
| #define PACKAGE_TARNAME "openbt"
| #define PACKAGE_VERSION "current-78-gdae3f6d"
| #define PACKAGE_STRING "openbt current-78-gdae3f6d"
| #define PACKAGE_BUGREPORT "mpratola@gmail.com"
| #define PACKAGE_URL ""
| #define PACKAGE "openbt"
| #define VERSION "current-78-gdae3f6d"
| #define HAVE_MPI 1
| #define HAVE_MPI 1
| #define HAVE_SYS_TYPES_H 1
| #define HAVE_SYS_STAT_H 1
| #define HAVE_STDLIB_H 1
| #define HAVE_STRING_H 1
| #define HAVE_MEMORY_H 1
| #define HAVE_STRINGS_H 1
| #define HAVE_INTTYPES_H 1
| #define HAVE_STDINT_H 1
| #define HAVE_UNISTD_H 1
| #define HAVE_DLFCN_H 1
| #define LT_OBJDIR ".libs/"
| #define HAVE_CXX11 1
| /* end confdefs.h.  */
| 
|              #include <stdbool.h>
|              #ifndef bool
|               "error: bool is not defined"
|              #endif
|              #ifndef false
|               "error: false is not defined"
|              #endif
|              #if false
|               "error: false is not 0"
|              #endif
|              #ifndef true
|               "error: true is not defined"
|              #endif
|              #if true != 1
|               "error: true is not 1"
|              #endif
|              #ifndef __bool_true_false_are_defined
|               "error: __bool_true_false_are_defined is not defined"
|              #endif
| 
|              struct s { _Bool s: 1; _Bool t; } s;
| 
|              char a[true == 1 ? 1 : -1];
|              char b[false == 0 ? 1 : -1];
|              char c[__bool_true_false_are_defined == 1 ? 1 : -1];
|              char d[(bool) 0.5 == true ? 1 : -1];
|              /* See body of main program for 'e'.  */
|              char f[(_Bool) 0.0 == false ? 1 : -1];
|              char g[true];
|              char h[sizeof (_Bool)];
|              char i[sizeof s.t];
|              enum { j = false, k = true, l = false * true, m = true * 256 };
|              /* The following fails for
|                 HP aC++/ANSI C B3910B A.05.55 [Dec 04 2003]. */
|              _Bool n[m];
|              char o[sizeof n == m * sizeof n[0] ? 1 : -1];
|              char p[-1 - (_Bool) 0 < 0 && -1 - (bool) 0 < 0 ? 1 : -1];
|              /* Catch a bug in an HP-UX C compiler.  See
|                 http://gcc.gnu.org/ml/gcc-patches/2003-12/msg02303.html
|                 http://lists.gnu.org/archive/html/bug-coreutils/2005-11/msg00161.html
|               */
|              _Bool q = true;
|              _Bool *pq = &q;
| 
| int
| main ()
| {
| 
|              bool e = &s;
|              *pq |= q;
|              *pq |= ! q;
|              /* Refer to every declared value, to avoid compiler optimizations.  */
|              return (!a + !b + !c + !d + !e + !f + !g + !h + !i + !!j + !k + !!l
|                      + !m + !n + !o + !p + !q + !pq);
| 
|   ;
|   return 0;
| }
configure:13674: result: no
configure:13676: checking for _Bool
configure:13676: mpic++ -std=c++11 -c  -D_OPENMPI -DSILENT -Wall -pipe -g -O3 -std=c++0x -DNOR  conftest.cpp >&5
conftest.cpp: In function 'int main()':
conftest.cpp:61:13: error: '_Bool' was not declared in this scope
   61 | if (sizeof (_Bool))
      |             ^~~~~
configure:13676: $? = 1
configure: failed program was:
| /* confdefs.h */
| #define PACKAGE_NAME "openbt"
| #define PACKAGE_TARNAME "openbt"
| #define PACKAGE_VERSION "current-78-gdae3f6d"
| #define PACKAGE_STRING "openbt current-78-gdae3f6d"
| #define PACKAGE_BUGREPORT "mpratola@gmail.com"
| #define PACKAGE_URL ""
| #define PACKAGE "openbt"
| #define VERSION "current-78-gdae3f6d"
| #define HAVE_MPI 1
| #define HAVE_MPI 1
| #define HAVE_SYS_TYPES_H 1
| #define HAVE_SYS_STAT_H 1
| #define HAVE_STDLIB_H 1
| #define HAVE_STRING_H 1
| #define HAVE_MEMORY_H 1
| #define HAVE_STRINGS_H 1
| #define HAVE_INTTYPES_H 1
| #define HAVE_STDINT_H 1
| #define HAVE_UNISTD_H 1
| #define HAVE_DLFCN_H 1
| #define LT_OBJDIR ".libs/"
| #define HAVE_CXX11 1
| /* end confdefs.h.  */
| #include <stdio.h>
| #ifdef HAVE_SYS_TYPES_H
| # include <sys/types.h>
| #endif
| #ifdef HAVE_SYS_STAT_H
| # include <sys/stat.h>
| #endif
| #ifdef STDC_HEADERS
| # include <stdlib.h>
| # include <stddef.h>
| #else
| # ifdef HAVE_STDLIB_H
| #  include <stdlib.h>
| # endif
| #endif
| #ifdef HAVE_STRING_H
| # if !defined STDC_HEADERS && defined HAVE_MEMORY_H
| #  include <memory.h>
| # endif
| # include <string.h>
| #endif
| #ifdef HAVE_STRINGS_H
| # include <strings.h>
| #endif
| #ifdef HAVE_INTTYPES_H
| # include <inttypes.h>
| #endif
| #ifdef HAVE_STDINT_H
| # include <stdint.h>
| #endif
| #ifdef HAVE_UNISTD_H
| # include <unistd.h>
| #endif
| int
| main ()
| {
| if (sizeof (_Bool))
| 	 return 0;
|   ;
|   return 0;
| }
configure:13676: result: no
configure:13687: checking for size_t
configure:13687: mpic++ -std=c++11 -c  -D_OPENMPI -DSILENT -Wall -pipe -g -O3 -std=c++0x -DNOR  conftest.cpp >&5
configure:13687: $? = 0
configure:13687: mpic++ -std=c++11 -c  -D_OPENMPI -DSILENT -Wall -pipe -g -O3 -std=c++0x -DNOR  conftest.cpp >&5
conftest.cpp: In function 'int main()':
conftest.cpp:61:20: error: expected primary-expression before ')' token
   61 | if (sizeof ((size_t)))
      |                    ^
configure:13687: $? = 1
configure: failed program was:
| /* confdefs.h */
| #define PACKAGE_NAME "openbt"
| #define PACKAGE_TARNAME "openbt"
| #define PACKAGE_VERSION "current-78-gdae3f6d"
| #define PACKAGE_STRING "openbt current-78-gdae3f6d"
| #define PACKAGE_BUGREPORT "mpratola@gmail.com"
| #define PACKAGE_URL ""
| #define PACKAGE "openbt"
| #define VERSION "current-78-gdae3f6d"
| #define HAVE_MPI 1
| #define HAVE_MPI 1
| #define HAVE_SYS_TYPES_H 1
| #define HAVE_SYS_STAT_H 1
| #define HAVE_STDLIB_H 1
| #define HAVE_STRING_H 1
| #define HAVE_MEMORY_H 1
| #define HAVE_STRINGS_H 1
| #define HAVE_INTTYPES_H 1
| #define HAVE_STDINT_H 1
| #define HAVE_UNISTD_H 1
| #define HAVE_DLFCN_H 1
| #define LT_OBJDIR ".libs/"
| #define HAVE_CXX11 1
| /* end confdefs.h.  */
| #include <stdio.h>
| #ifdef HAVE_SYS_TYPES_H
| # include <sys/types.h>
| #endif
| #ifdef HAVE_SYS_STAT_H
| # include <sys/stat.h>
| #endif
| #ifdef STDC_HEADERS
| # include <stdlib.h>
| # include <stddef.h>
| #else
| # ifdef HAVE_STDLIB_H
| #  include <stdlib.h>
| # endif
| #endif
| #ifdef HAVE_STRING_H
| # if !defined STDC_HEADERS && defined HAVE_MEMORY_H
| #  include <memory.h>
| # endif
| # include <string.h>
| #endif
| #ifdef HAVE_STRINGS_H
| # include <strings.h>
| #endif
| #ifdef HAVE_INTTYPES_H
| # include <inttypes.h>
| #endif
| #ifdef HAVE_STDINT_H
| # include <stdint.h>
| #endif
| #ifdef HAVE_UNISTD_H
| # include <unistd.h>
| #endif
| int
| main ()
| {
| if (sizeof ((size_t)))
| 	    return 0;
|   ;
|   return 0;
| }
configure:13687: result: yes
configure:13702: checking for floor
configure:13702: mpic++ -std=c++11 -o conftest  -D_OPENMPI -DSILENT -Wall -pipe -g -O3 -std=c++0x -DNOR   conftest.cpp  >&5
conftest.cpp:48:6: warning: declaration of 'char floor()' conflicts with built-in declaration 'double floor(double)' [-Wbuiltin-declaration-mismatch]
   48 | char floor ();
      |      ^~~~~
configure:13702: $? = 0
configure:13702: result: yes
configure:13702: checking for pow
configure:13702: mpic++ -std=c++11 -o conftest  -D_OPENMPI -DSILENT -Wall -pipe -g -O3 -std=c++0x -DNOR   conftest.cpp  >&5
conftest.cpp:49:6: warning: declaration of 'char pow()' conflicts with built-in declaration 'double pow(double, double)' [-Wbuiltin-declaration-mismatch]
   49 | char pow ();
      |      ^~~
configure:13702: $? = 0
configure:13702: result: yes
configure:13702: checking for sqrt
configure:13702: mpic++ -std=c++11 -o conftest  -D_OPENMPI -DSILENT -Wall -pipe -g -O3 -std=c++0x -DNOR   conftest.cpp  >&5
conftest.cpp:50:6: warning: declaration of 'char sqrt()' conflicts with built-in declaration 'double sqrt(double)' [-Wbuiltin-declaration-mismatch]
   50 | char sqrt ();
      |      ^~~~
configure:13702: $? = 0
configure:13702: result: yes
configure:13852: checking that generated files are newer than configure
configure:13858: result: done
configure:13893: creating ./config.status

## ---------------------- ##
## Running config.status. ##
## ---------------------- ##

This file was extended by openbt config.status current-78-gdae3f6d, which was
generated by GNU Autoconf 2.69.  Invocation command line was

  CONFIG_FILES    = 
  CONFIG_HEADERS  = 
  CONFIG_LINKS    = 
  CONFIG_COMMANDS = 
  $ ./config.status 

on MTH-NC247239

config.status:1070: creating Makefile
config.status:1242: executing depfiles commands
config.status:1319: cd .       && sed -e '/# am--include-marker/d' Makefile         | make -f - am--depfiles
config.status:1324: $? = 0
config.status:1242: executing libtool commands

## ---------------- ##
## Cache variables. ##
## ---------------- ##

ac_cv_build=x86_64-pc-linux-gnu
ac_cv_c_compiler_gnu=yes
ac_cv_cxx_compiler_gnu=yes
ac_cv_env_CCC_set=
ac_cv_env_CCC_value=
ac_cv_env_CC_set=
ac_cv_env_CC_value=
ac_cv_env_CFLAGS_set=
ac_cv_env_CFLAGS_value=
ac_cv_env_CPPFLAGS_set=
ac_cv_env_CPPFLAGS_value=
ac_cv_env_CPP_set=
ac_cv_env_CPP_value=
ac_cv_env_CXXCPP_set=
ac_cv_env_CXXCPP_value=
ac_cv_env_CXXFLAGS_set=
ac_cv_env_CXXFLAGS_value=
ac_cv_env_CXX_set=
ac_cv_env_CXX_value=
ac_cv_env_LDFLAGS_set=
ac_cv_env_LDFLAGS_value=
ac_cv_env_LIBS_set=
ac_cv_env_LIBS_value=
ac_cv_env_LT_SYS_LIBRARY_PATH_set=
ac_cv_env_LT_SYS_LIBRARY_PATH_value=
ac_cv_env_MPICC_set=
ac_cv_env_MPICC_value=
ac_cv_env_MPICXX_set=
ac_cv_env_MPICXX_value=
ac_cv_env_build_alias_set=
ac_cv_env_build_alias_value=
ac_cv_env_host_alias_set=
ac_cv_env_host_alias_value=
ac_cv_env_target_alias_set=
ac_cv_env_target_alias_value=
ac_cv_func_floor=yes
ac_cv_func_pow=yes
ac_cv_func_sqrt=yes
ac_cv_header_dlfcn_h=yes
ac_cv_header_inttypes_h=yes
ac_cv_header_memory_h=yes
ac_cv_header_stdbool_h=no
ac_cv_header_stdc=no
ac_cv_header_stdint_h=yes
ac_cv_header_stdlib_h=yes
ac_cv_header_string_h=yes
ac_cv_header_strings_h=yes
ac_cv_header_sys_stat_h=yes
ac_cv_header_sys_types_h=yes
ac_cv_header_unistd_h=yes
ac_cv_host=x86_64-pc-linux-gnu
ac_cv_objext=o
ac_cv_path_EGREP='/usr/bin/grep -E'
ac_cv_path_FGREP='/usr/bin/grep -F'
ac_cv_path_GREP=/usr/bin/grep
ac_cv_path_SED=/usr/bin/sed
ac_cv_path_install='/usr/bin/install -c'
ac_cv_path_lt_DD=/usr/bin/dd
ac_cv_path_mkdir=/usr/bin/mkdir
ac_cv_prog_AWK=mawk
ac_cv_prog_CPP='mpicc -E'
ac_cv_prog_CXXCPP='mpic++ -E'
ac_cv_prog_ac_ct_AR=ar
ac_cv_prog_ac_ct_CC=mpicc
ac_cv_prog_ac_ct_CXX=mpic++
ac_cv_prog_ac_ct_MANIFEST_TOOL=mt
ac_cv_prog_ac_ct_OBJDUMP=objdump
ac_cv_prog_ac_ct_RANLIB=ranlib
ac_cv_prog_ac_ct_STRIP=strip
ac_cv_prog_cc_c89=
ac_cv_prog_cc_g=yes
ac_cv_prog_cxx_g=yes
ac_cv_prog_make_make_set=yes
ac_cv_type__Bool=no
ac_cv_type_size_t=yes
am_cv_CC_dependencies_compiler_type=gcc3
am_cv_CXX_dependencies_compiler_type=gcc3
am_cv_make_support_nested_variables=yes
am_cv_prog_cc_c_o=yes
ax_cv_cxx_compile_cxx11__std_cpp11=yes
lt_cv_ar_at_file=@
lt_cv_archive_cmds_need_lc=no
lt_cv_deplibs_check_method=pass_all
lt_cv_file_magic_cmd='$MAGIC_CMD'
lt_cv_file_magic_test_file=
lt_cv_ld_reload_flag=-r
lt_cv_nm_interface='BSD nm'
lt_cv_objdir=.libs
lt_cv_path_LD=/usr/bin/ld
lt_cv_path_LDCXX='/usr/bin/ld -m elf_x86_64'
lt_cv_path_NM='/usr/bin/nm -B'
lt_cv_path_mainfest_tool=no
lt_cv_prog_compiler_c_o=yes
lt_cv_prog_compiler_c_o_CXX=yes
lt_cv_prog_compiler_pic='-fPIC -DPIC'
lt_cv_prog_compiler_pic_CXX='-fPIC -DPIC'
lt_cv_prog_compiler_pic_works=yes
lt_cv_prog_compiler_pic_works_CXX=yes
lt_cv_prog_compiler_rtti_exceptions=no
lt_cv_prog_compiler_static_works=no
lt_cv_prog_compiler_static_works_CXX=no
lt_cv_prog_gnu_ld=yes
lt_cv_prog_gnu_ldcxx=yes
lt_cv_sharedlib_from_linklib_cmd='printf %s\n'
lt_cv_shlibpath_overrides_runpath=yes
lt_cv_sys_global_symbol_pipe='sed -n -e '\''s/^.*[	 ]\([ABCDGIRSTW][ABCDGIRSTW]*\)[	 ][	 ]*\([_A-Za-z][_A-Za-z0-9]*\)$/\1 \2 \2/p'\'' | sed '\''/ __gnu_lto/d'\'''
lt_cv_sys_global_symbol_to_c_name_address='sed -n -e '\''s/^: \(.*\) .*$/  {"\1", (void *) 0},/p'\'' -e '\''s/^[ABCDGIRSTW][ABCDGIRSTW]* .* \(.*\)$/  {"\1", (void *) \&\1},/p'\'''
lt_cv_sys_global_symbol_to_c_name_address_lib_prefix='sed -n -e '\''s/^: \(.*\) .*$/  {"\1", (void *) 0},/p'\'' -e '\''s/^[ABCDGIRSTW][ABCDGIRSTW]* .* \(lib.*\)$/  {"\1", (void *) \&\1},/p'\'' -e '\''s/^[ABCDGIRSTW][ABCDGIRSTW]* .* \(.*\)$/  {"lib\1", (void *) \&\1},/p'\'''
lt_cv_sys_global_symbol_to_cdecl='sed -n -e '\''s/^T .* \(.*\)$/extern int \1();/p'\'' -e '\''s/^[ABCDGIRSTW][ABCDGIRSTW]* .* \(.*\)$/extern char \1;/p'\'''
lt_cv_sys_global_symbol_to_import=
lt_cv_sys_max_cmd_len=1572864
lt_cv_to_host_file_cmd=func_convert_file_noop
lt_cv_to_tool_file_cmd=func_convert_file_noop
lt_cv_truncate_bin='/usr/bin/dd bs=4096 count=1'

## ----------------- ##
## Output variables. ##
## ----------------- ##

ACLOCAL='${SHELL} /home/johnyannotty/Documents/openbt/temp/openbt-current-78-gdae3f6d/missing aclocal-1.16'
AMDEPBACKSLASH='\'
AMDEP_FALSE='#'
AMDEP_TRUE=''
AMTAR='$${TAR-tar}'
AM_BACKSLASH='\'
AM_DEFAULT_V='$(AM_DEFAULT_VERBOSITY)'
AM_DEFAULT_VERBOSITY='1'
AM_V='$(V)'
AR='ar'
AUTOCONF='${SHELL} /home/johnyannotty/Documents/openbt/temp/openbt-current-78-gdae3f6d/missing autoconf'
AUTOHEADER='${SHELL} /home/johnyannotty/Documents/openbt/temp/openbt-current-78-gdae3f6d/missing autoheader'
AUTOMAKE='${SHELL} /home/johnyannotty/Documents/openbt/temp/openbt-current-78-gdae3f6d/missing automake-1.16'
AWK='mawk'
CC='mpicc'
CCDEPMODE='depmode=gcc3'
CFLAGS='-g -O2'
CPP='mpicc -E'
CPPFLAGS=''
CXX='mpic++ -std=c++11'
CXXCPP='mpic++ -E -std=c++11'
CXXDEPMODE='depmode=gcc3'
CXXFLAGS=' -D_OPENMPI -DSILENT -Wall -pipe -g -O3 -std=c++0x -DNOR'
CYGPATH_W='echo'
DEFS='-DPACKAGE_NAME=\"openbt\" -DPACKAGE_TARNAME=\"openbt\" -DPACKAGE_VERSION=\"current-78-gdae3f6d\" -DPACKAGE_STRING=\"openbt\ current-78-gdae3f6d\" -DPACKAGE_BUGREPORT=\"mpratola@gmail.com\" -DPACKAGE_URL=\"\" -DPACKAGE=\"openbt\" -DVERSION=\"current-78-gdae3f6d\" -DHAVE_MPI=1 -DHAVE_MPI=1 -DHAVE_SYS_TYPES_H=1 -DHAVE_SYS_STAT_H=1 -DHAVE_STDLIB_H=1 -DHAVE_STRING_H=1 -DHAVE_MEMORY_H=1 -DHAVE_STRINGS_H=1 -DHAVE_INTTYPES_H=1 -DHAVE_STDINT_H=1 -DHAVE_UNISTD_H=1 -DHAVE_DLFCN_H=1 -DLT_OBJDIR=\".libs/\" -DHAVE_CXX11=1 -DHAVE_FLOOR=1 -DHAVE_POW=1 -DHAVE_SQRT=1'
DEPDIR='.deps'
DLLTOOL='false'
DSYMUTIL=''
DUMPBIN=''
ECHO_C=''
ECHO_N='-n'
ECHO_T=''
EGREP='/usr/bin/grep -E'
EXEEXT=''
FGREP='/usr/bin/grep -F'
GREP='/usr/bin/grep'
HAVE_CXX11='1'
INSTALL_DATA='${INSTALL} -m 644'
INSTALL_PROGRAM='${INSTALL}'
INSTALL_SCRIPT='${INSTALL}'
INSTALL_STRIP_PROGRAM='$(install_sh) -c -s'
LD='/usr/bin/ld -m elf_x86_64'
LDFLAGS=''
LIBOBJS=''
LIBS=''
LIBTOOL='$(SHELL) $(top_builddir)/libtool'
LIPO=''
LN_S='ln -s'
LTLIBOBJS=''
LT_SYS_LIBRARY_PATH=''
MAKEINFO='${SHELL} /home/johnyannotty/Documents/openbt/temp/openbt-current-78-gdae3f6d/missing makeinfo'
MANIFEST_TOOL=':'
MKDIR_P='/usr/bin/mkdir -p'
MPICC=''
MPICXX=''
NM='/usr/bin/nm -B'
NMEDIT=''
OBJDUMP='objdump'
OBJEXT='o'
OPENMP_CXXFLAGS=''
OTOOL64=''
OTOOL=''
PACKAGE='openbt'
PACKAGE_BUGREPORT='mpratola@gmail.com'
PACKAGE_NAME='openbt'
PACKAGE_STRING='openbt current-78-gdae3f6d'
PACKAGE_TARNAME='openbt'
PACKAGE_URL=''
PACKAGE_VERSION='current-78-gdae3f6d'
PATH_SEPARATOR=':'
RANLIB='ranlib'
SED='/usr/bin/sed'
SET_MAKE=''
SHELL='/bin/bash'
STRIP='strip'
VERSION='current-78-gdae3f6d'
ac_ct_AR='ar'
ac_ct_CC='mpicc'
ac_ct_CXX='mpic++'
ac_ct_DUMPBIN=''
am__EXEEXT_FALSE=''
am__EXEEXT_TRUE='#'
am__fastdepCC_FALSE='#'
am__fastdepCC_TRUE=''
am__fastdepCXX_FALSE='#'
am__fastdepCXX_TRUE=''
am__include='include'
am__isrc=''
am__leading_dot='.'
am__nodep='_no'
am__quote=''
am__tar='$${TAR-tar} chof - "$$tardir"'
am__untar='$${TAR-tar} xf -'
bindir='${exec_prefix}/bin'
build='x86_64-pc-linux-gnu'
build_alias=''
build_cpu='x86_64'
build_os='linux-gnu'
build_vendor='pc'
datadir='${datarootdir}'
datarootdir='${prefix}/share'
docdir='${datarootdir}/doc/${PACKAGE_TARNAME}'
dvidir='${docdir}'
exec_prefix='${prefix}'
host='x86_64-pc-linux-gnu'
host_alias=''
host_cpu='x86_64'
host_os='linux-gnu'
host_vendor='pc'
htmldir='${docdir}'
includedir='${prefix}/include'
infodir='${datarootdir}/info'
install_sh='${SHELL} /home/johnyannotty/Documents/openbt/temp/openbt-current-78-gdae3f6d/install-sh'
libdir='${exec_prefix}/lib'
libexecdir='${exec_prefix}/libexec'
localedir='${datarootdir}/locale'
localstatedir='${prefix}/var'
mandir='${datarootdir}/man'
mkdir_p='$(MKDIR_P)'
oldincludedir='/usr/include'
pdfdir='${docdir}'
prefix='/usr/local'
program_transform_name='s,x,x,'
psdir='${docdir}'
runstatedir='${localstatedir}/run'
sbindir='${exec_prefix}/sbin'
sharedstatedir='${prefix}/com'
sysconfdir='${prefix}/etc'
target_alias=''

## ----------- ##
## confdefs.h. ##
## ----------- ##

/* confdefs.h */
#define PACKAGE_NAME "openbt"
#define PACKAGE_TARNAME "openbt"
#define PACKAGE_VERSION "current-78-gdae3f6d"
#define PACKAGE_STRING "openbt current-78-gdae3f6d"
#define PACKAGE_BUGREPORT "mpratola@gmail.com"
#define PACKAGE_URL ""
#define PACKAGE "openbt"
#define VERSION "current-78-gdae3f6d"
#define HAVE_MPI 1
#define HAVE_MPI 1
#define HAVE_SYS_TYPES_H 1
#define HAVE_SYS_STAT_H 1
#define HAVE_STDLIB_H 1
#define HAVE_STRING_H 1
#define HAVE_MEMORY_H 1
#define HAVE_STRINGS_H 1
#define HAVE_INTTYPES_H 1
#define HAVE_STDINT_H 1
#define HAVE_UNISTD_H 1
#define HAVE_DLFCN_H 1
#define LT_OBJDIR ".libs/"
#define HAVE_CXX11 1
#define HAVE_FLOOR 1
#define HAVE_POW 1
#define HAVE_SQRT 1

configure: exit 0
